<?xml version="1.0" encoding="UTF-8"?>
<!-- Generated by org.testng.reporters.JUnitReportReporter -->
<testsuite hostname="DESKTOP-THD52OT" failures="0" tests="1" name="Testrunner.runner" time="8.375" errors="0" timestamp="2024-02-03T17:56:26 EST" skipped="0">
  <testcase classname="Testrunner.runner" name="runScenario" time="8.375"/>
</testsuite> <!-- Testrunner.runner -->
